<?xml version="1.0" encoding="UTF-8"?>
<!-- Generated by org.testng.reporters.JUnitReportReporter -->
<testsuite hostname="Shubhams-MacBook-Air.local" failures="0" tests="1" name="com.test.ExceptionTimeOutTest" time="0.020" errors="0" timestamp="2021-05-24T19:09:27 IST" skipped="0">
  <testcase classname="com.test.ExceptionTimeOutTest" name="test1" time="0.020"/>
  <system-out/>
</testsuite> <!-- com.test.ExceptionTimeOutTest -->
