<?xml version="1.0" encoding="UTF-8"?>
<!-- Generated by org.testng.reporters.JUnitReportReporter -->
<testsuite hostname="Shubhams-MacBook-Air.local" failures="0" tests="3" name="com.test.TestNGBasics" time="0.023" errors="0" timestamp="2021-05-24T18:02:03 IST" skipped="0">
  <testcase classname="com.test.TestNGBasics" name="googleTitleTest" time="0.010"/>
  <system-out/>
  <testcase classname="com.test.TestNGBasics" name="googleTitleTest1" time="0.001"/>
  <system-out/>
  <testcase classname="com.test.TestNGBasics" name="googleTitleTest2" time="0.012"/>
  <system-out/>
</testsuite> <!-- com.test.TestNGBasics -->
