<?xml version="1.0" encoding="UTF-8"?>
<!-- Generated by org.testng.reporters.JUnitReportReporter -->
<testsuite hostname="Shubhams-MacBook-Air.local" failures="0" tests="2" name="testNG.com.ListenerTest" time="0.030" errors="0" timestamp="2021-05-28T19:05:31 IST" skipped="0">
  <testcase classname="testNG.com.ListenerTest" name="sum" time="0.022"/>
  <system-out/>
  <testcase classname="testNG.com.ListenerTest" name="testtofail" time="0.008"/>
  <system-out/>
</testsuite> <!-- testNG.com.ListenerTest -->
