<?xml version="1.0" encoding="UTF-8"?>
<!-- Generated by org.testng.reporters.JUnitReportReporter -->
<testsuite hostname="Shubhams-MacBook-Air.local" failures="0" tests="5" name="testng.com.TC_Class1" time="6.011" errors="0" timestamp="2021-05-25T18:00:38 IST" skipped="1">
  <testcase classname="testng.com.TC_Class1" name="tc05VerifyHyperlinks" time="0.066"/>
  <system-out/>
  <testcase classname="testng.com.TC_Class1" name="tc03EnterCredentials" time="1.781"/>
  <system-out/>
  <testcase classname="testng.com.TC_Class1" name="tc04VerifyLoggedInPage" time="0.084"/>
  <system-out/>
  <testcase classname="testng.com.TC_Class1" name="tc01LaunchURL" time="4.080"/>
  <system-out/>
  <testcase classname="testng.com.TC_Class1" name="tc02VerifyLaunchPage">
    <skipped/>
  </testcase> <!-- tc02VerifyLaunchPage -->
  <system-out/>
</testsuite> <!-- testng.com.TC_Class1 -->
