<?xml version="1.0" encoding="UTF-8"?>
<!-- Generated by org.testng.reporters.JUnitReportReporter -->
<testsuite hostname="Shubhams-MacBook-Air.local" failures="0" tests="1" name="testNG.com.Sum" time="0.013" errors="0" timestamp="2021-05-25T18:46:25 IST" skipped="0">
  <testcase classname="testNG.com.Sum" name="add" time="0.013"/>
  <system-out/>
</testsuite> <!-- testNG.com.Sum -->
