<?xml version="1.0" encoding="UTF-8"?>
<!-- Generated by org.testng.reporters.JUnitReportReporter -->
<testsuite hostname="Shubhams-MacBook-Air.local" failures="0" tests="3" name="com.test.NewTest" time="5.905" errors="0" timestamp="2021-05-24T13:16:22 IST" skipped="0">
  <testcase classname="com.test.NewTest" name="verifyHomepageTitle" time="0.782"/>
  <system-out/>
  <testcase classname="com.test.NewTest" name="register" time="2.245"/>
  <system-out/>
  <testcase classname="com.test.NewTest" name="support" time="2.878"/>
  <system-out/>
</testsuite> <!-- com.test.NewTest -->
