<?xml version="1.0" encoding="UTF-8"?>
<!-- Generated by org.testng.reporters.JUnitReportReporter -->
<testsuite hostname="Shubhams-MacBook-Air.local" failures="0" tests="20" name="testng.com.InvocationCountTest" time="0.100" errors="0" timestamp="2021-05-25T18:00:38 IST" skipped="0">
  <testcase classname="testng.com.InvocationCountTest" name="f" time="0.002"/>
  <system-out/>
  <testcase classname="testng.com.InvocationCountTest" name="f" time="0.005"/>
  <system-out/>
  <testcase classname="testng.com.InvocationCountTest" name="f" time="0.001"/>
  <system-out/>
  <testcase classname="testng.com.InvocationCountTest" name="f" time="0.008"/>
  <system-out/>
  <testcase classname="testng.com.InvocationCountTest" name="f" time="0.001"/>
  <system-out/>
  <testcase classname="testng.com.InvocationCountTest" name="f" time="0.001"/>
  <system-out/>
  <testcase classname="testng.com.InvocationCountTest" name="f" time="0.002"/>
  <system-out/>
  <testcase classname="testng.com.InvocationCountTest" name="f" time="0.002"/>
  <system-out/>
  <testcase classname="testng.com.InvocationCountTest" name="f" time="0.001"/>
  <system-out/>
  <testcase classname="testng.com.InvocationCountTest" name="f" time="0.036"/>
  <system-out/>
  <testcase classname="testng.com.InvocationCountTest" name="f" time="0.001"/>
  <system-out/>
  <testcase classname="testng.com.InvocationCountTest" name="f" time="0.002"/>
  <system-out/>
  <testcase classname="testng.com.InvocationCountTest" name="f" time="0.004"/>
  <system-out/>
  <testcase classname="testng.com.InvocationCountTest" name="f" time="0.001"/>
  <system-out/>
  <testcase classname="testng.com.InvocationCountTest" name="f" time="0.001"/>
  <system-out/>
  <testcase classname="testng.com.InvocationCountTest" name="f" time="0.001"/>
  <system-out/>
  <testcase classname="testng.com.InvocationCountTest" name="f" time="0.002"/>
  <system-out/>
  <testcase classname="testng.com.InvocationCountTest" name="f" time="0.006"/>
  <system-out/>
  <testcase classname="testng.com.InvocationCountTest" name="f" time="0.001"/>
  <system-out/>
  <testcase classname="testng.com.InvocationCountTest" name="f" time="0.022"/>
  <system-out/>
</testsuite> <!-- testng.com.InvocationCountTest -->
