<?xml version="1.0" encoding="UTF-8"?>
<!-- Generated by org.testng.reporters.JUnitReportReporter -->
<testsuite hostname="Shubhams-MacBook-Air.local" failures="0" tests="1" name="testng.com.NewTest" time="0.016" errors="0" timestamp="2021-05-25T18:00:38 IST" skipped="0">
  <testcase classname="testng.com.NewTest" name="f" time="0.016"/>
  <system-out/>
</testsuite> <!-- testng.com.NewTest -->
