<?xml version="1.0" encoding="UTF-8"?>
<!-- Generated by org.testng.reporters.JUnitReportReporter -->
<testsuite hostname="Shubhams-MacBook-Air.local" failures="0" tests="1" name="testng.parameters.ParameterTest" time="8.135" errors="0" timestamp="2021-05-24T20:17:58 IST" skipped="0">
  <testcase classname="testng.parameters.ParameterTest" name="test" time="8.135"/>
  <system-out/>
</testsuite> <!-- testng.parameters.ParameterTest -->
